{
  "RSpec": {
    "coverage": {
      "/Users/Allie/Ada/rails_projects/shipping-app-client/spec/controllers/addresses_controller_spec.rb": [
        1,
        null,
        1,
        null,
        null
      ],
      "/Users/Allie/Ada/rails_projects/shipping-app-client/spec/rails_helper.rb": [
        null,
        1,
        1,
        1,
        1,
        1,
        null,
        null,
        null,
        null,
        null,
        null,
        null,
        null,
        null,
        null,
        null,
        null,
        null,
        null,
        null,
        null,
        null,
        null,
        null,
        1,
        null,
        1,
        1,
        null,
        null,
        null,
        null,
        1,
        null,
        null,
        null,
        null,
        null,
        null,
        null,
        null,
        null,
        null,
        null,
        null,
        null,
        null,
        1,
        null
      ],
      "/Users/Allie/Ada/rails_projects/shipping-app-client/config/environment.rb": [
        null,
        1,
        null,
        null,
        1
      ],
      "/Users/Allie/Ada/rails_projects/shipping-app-client/config/application.rb": [
        1,
        null,
        null,
        1,
        1,
        1,
        1,
        1,
        1,
        null,
        null,
        null,
        null,
        1,
        null,
        1,
        1,
        null,
        null,
        null,
        null,
        null,
        null,
        null,
        null,
        null,
        null,
        null,
        null,
        null
      ],
      "/Users/Allie/Ada/rails_projects/shipping-app-client/config/boot.rb": [
        null,
        1,
        null,
        1
      ],
      "/Users/Allie/Ada/rails_projects/shipping-app-client/config/environments/test.rb": [
        1,
        null,
        null,
        null,
        null,
        null,
        null,
        1,
        null,
        null,
        null,
        null,
        1,
        null,
        null,
        1,
        1,
        null,
        null,
        1,
        1,
        null,
        null,
        1,
        null,
        null,
        1,
        null,
        null,
        null,
        null,
        1,
        null,
        null,
        1,
        null,
        null,
        null,
        null
      ],
      "/Users/Allie/Ada/rails_projects/shipping-app-client/config/initializers/assets.rb": [
        null,
        null,
        null,
        1,
        null,
        null,
        null,
        null
      ],
      "/Users/Allie/Ada/rails_projects/shipping-app-client/config/initializers/backtrace_silencers.rb": [
        null,
        null,
        null,
        null,
        null,
        null,
        null
      ],
      "/Users/Allie/Ada/rails_projects/shipping-app-client/config/initializers/cookies_serializer.rb": [
        null,
        null,
        1
      ],
      "/Users/Allie/Ada/rails_projects/shipping-app-client/config/initializers/filter_parameter_logging.rb": [
        null,
        null,
        null,
        1
      ],
      "/Users/Allie/Ada/rails_projects/shipping-app-client/config/initializers/fog.rb": [
        1,
        1,
        null,
        null,
        null,
        null,
        null,
        1,
        null
      ],
      "/Users/Allie/Ada/rails_projects/shipping-app-client/config/initializers/inflections.rb": [
        null,
        null,
        null,
        null,
        null,
        null,
        null,
        null,
        null,
        null,
        null,
        null,
        null,
        null,
        null,
        null
      ],
      "/Users/Allie/Ada/rails_projects/shipping-app-client/config/initializers/mime_types.rb": [
        null,
        null,
        null,
        null
      ],
      "/Users/Allie/Ada/rails_projects/shipping-app-client/config/initializers/session_store.rb": [
        null,
        null,
        1
      ],
      "/Users/Allie/Ada/rails_projects/shipping-app-client/config/initializers/wrap_parameters.rb": [
        null,
        null,
        null,
        null,
        null,
        null,
        1,
        1,
        null,
        null,
        null,
        null,
        null,
        null
      ],
      "/Users/Allie/Ada/rails_projects/shipping-app-client/spec/factories.rb": [
        2,
        1,
        1,
        1,
        1,
        null,
        1,
        1,
        1,
        1,
        1,
        1,
        1,
        null,
        null,
        null,
        1,
        1,
        1,
        1,
        null,
        null,
        1,
        null,
        null,
        1,
        1,
        1,
        1,
        1,
        null,
        null
      ],
      "/Users/Allie/Ada/rails_projects/shipping-app-client/config/routes.rb": [
        1,
        null,
        1,
        1,
        null,
        1,
        1,
        null,
        1,
        1,
        1,
        null,
        1,
        null,
        1,
        null,
        null,
        null,
        null,
        null,
        null,
        null,
        null,
        null,
        null,
        null,
        null,
        null,
        null,
        null,
        null,
        null,
        null,
        null,
        null,
        null,
        null,
        null,
        null,
        null,
        null,
        null,
        null,
        null,
        null,
        null,
        null,
        null,
        null,
        null,
        null,
        null,
        null,
        null,
        null,
        null,
        null,
        null,
        null,
        null,
        null,
        null,
        null,
        null,
        null,
        null,
        null,
        null,
        null,
        null
      ],
      "/Users/Allie/Ada/rails_projects/shipping-app-client/app/helpers/addresses_helper.rb": [
        1,
        null
      ],
      "/Users/Allie/Ada/rails_projects/shipping-app-client/app/helpers/application_helper.rb": [
        1,
        null
      ],
      "/Users/Allie/Ada/rails_projects/shipping-app-client/app/helpers/cart_helper.rb": [
        1,
        null
      ],
      "/Users/Allie/Ada/rails_projects/shipping-app-client/app/helpers/orders_helper.rb": [
        1,
        null
      ],
      "/Users/Allie/Ada/rails_projects/shipping-app-client/app/helpers/products_helper.rb": [
        1,
        null
      ],
      "/Users/Allie/Ada/rails_projects/shipping-app-client/app/controllers/addresses_controller.rb": [
        1,
        1,
        0,
        0,
        0,
        null,
        null,
        null
      ],
      "/Users/Allie/Ada/rails_projects/shipping-app-client/app/controllers/application_controller.rb": [
        1,
        null,
        null,
        1,
        null,
        1,
        15,
        null,
        3,
        3,
        null,
        1,
        null,
        1,
        3,
        null,
        1,
        null
      ],
      "/Users/Allie/Ada/rails_projects/shipping-app-client/spec/controllers/cart_controller_spec.rb": [
        1,
        null,
        1,
        null,
        null
      ],
      "/Users/Allie/Ada/rails_projects/shipping-app-client/app/controllers/cart_controller.rb": [
        1,
        null,
        1,
        1,
        1,
        null,
        null,
        null,
        1,
        1,
        0,
        null,
        1,
        1,
        1,
        null,
        1,
        1,
        1,
        1,
        null,
        null,
        null,
        1,
        null,
        null,
        null
      ],
      "/Users/Allie/Ada/rails_projects/shipping-app-client/spec/controllers/orders_controller_spec.rb": [
        1,
        null,
        1,
        null,
        1,
        1,
        1,
        1,
        1,
        null,
        null,
        null,
        1,
        1,
        1,
        1,
        1,
        null,
        null,
        null,
        null
      ],
      "/Users/Allie/Ada/rails_projects/shipping-app-client/app/controllers/orders_controller.rb": [
        1,
        null,
        1,
        0,
        0,
        null,
        null,
        1,
        null,
        1,
        1,
        1,
        null,
        null,
        null,
        1,
        null,
        1,
        1,
        1,
        1,
        null,
        null,
        null,
        null
      ],
      "/Users/Allie/Ada/rails_projects/shipping-app-client/spec/controllers/products_controller_spec.rb": [
        1,
        null,
        1,
        null,
        1,
        1,
        1,
        1,
        null,
        null,
        null,
        1,
        2,
        null,
        1,
        1,
        1,
        null,
        null,
        null,
        null
      ],
      "/Users/Allie/Ada/rails_projects/shipping-app-client/app/controllers/products_controller.rb": [
        1,
        1,
        2,
        null,
        null,
        1,
        2,
        null,
        null
      ],
      "/Users/Allie/Ada/rails_projects/shipping-app-client/spec/features/checkout_spec.rb": [
        1,
        null,
        1,
        2,
        null,
        1,
        1,
        1,
        1,
        1,
        1,
        1,
        1,
        1,
        null,
        null,
        null
      ],
      "/Users/Allie/Ada/rails_projects/shipping-app-client/spec/helpers/addresses_helper_spec.rb": [
        1,
        null,
        null,
        null,
        null,
        null,
        null,
        null,
        null,
        null,
        null,
        null,
        1,
        null
      ],
      "/Users/Allie/Ada/rails_projects/shipping-app-client/spec/helpers/orders_helper_spec.rb": [
        1,
        null,
        null,
        null,
        null,
        null,
        null,
        null,
        null,
        null,
        null,
        null,
        1,
        null
      ],
      "/Users/Allie/Ada/rails_projects/shipping-app-client/spec/models/address_spec.rb": [
        1,
        null,
        1,
        null
      ],
      "/Users/Allie/Ada/rails_projects/shipping-app-client/app/models/address.rb": [
        1,
        1,
        null
      ],
      "/Users/Allie/Ada/rails_projects/shipping-app-client/spec/models/credit_card_spec.rb": [
        1,
        null,
        1,
        null
      ],
      "/Users/Allie/Ada/rails_projects/shipping-app-client/app/models/credit_card.rb": [
        1,
        null
      ],
      "/Users/Allie/Ada/rails_projects/shipping-app-client/spec/models/line_item_spec.rb": [
        1,
        null,
        1,
        7,
        1,
        1,
        1,
        null,
        null,
        1,
        1,
        1,
        null,
        null,
        1,
        1,
        1,
        null,
        null,
        1,
        1,
        1,
        null,
        null,
        null,
        1,
        1,
        1,
        null,
        null,
        1,
        1,
        1,
        1,
        1,
        1,
        1,
        null,
        null,
        null,
        null
      ],
      "/Users/Allie/Ada/rails_projects/shipping-app-client/app/models/line_item.rb": [
        1,
        1,
        1,
        1,
        1,
        null,
        1,
        null,
        1,
        12,
        2,
        null,
        null,
        1,
        0,
        null,
        null
      ],
      "/Users/Allie/Ada/rails_projects/shipping-app-client/spec/models/order_spec.rb": [
        1,
        null,
        1,
        4,
        1,
        4,
        null,
        null,
        1,
        1,
        1,
        1,
        1,
        null,
        null,
        1,
        null,
        null,
        null,
        null,
        1,
        null,
        1,
        1,
        null,
        null,
        1,
        1,
        1,
        null,
        null,
        null
      ],
      "/Users/Allie/Ada/rails_projects/shipping-app-client/app/models/order.rb": [
        1,
        1,
        1,
        1,
        1,
        1,
        null,
        1,
        1,
        0,
        null,
        1,
        null,
        null,
        null,
        1,
        null,
        1,
        8,
        10,
        null,
        null,
        null,
        1,
        3,
        null,
        null
      ],
      "/Users/Allie/Ada/rails_projects/shipping-app-client/spec/models/product_spec.rb": [
        1,
        null,
        1,
        10,
        1,
        1,
        1,
        null,
        null,
        1,
        1,
        1,
        null,
        null,
        1,
        1,
        1,
        null,
        null,
        1,
        1,
        1,
        null,
        null,
        1,
        1,
        1,
        null,
        null,
        1,
        1,
        1,
        null,
        null,
        null,
        1,
        1,
        1,
        1,
        1,
        null,
        null,
        null,
        1,
        1,
        1,
        null,
        null,
        null,
        1,
        1,
        1,
        null,
        null,
        null
      ],
      "/Users/Allie/Ada/rails_projects/shipping-app-client/app/models/product.rb": [
        1,
        1,
        1,
        1,
        1,
        null,
        1,
        null,
        1,
        2,
        null,
        null,
        1,
        null,
        1,
        11,
        null,
        null,
        null
      ],
      "/Users/Allie/Ada/rails_projects/shipping-app-client/app/uploaders/product_image_uploader.rb": [
        1,
        1,
        1,
        null,
        1,
        0,
        null,
        null,
        1,
        0,
        null,
        null,
        1,
        1,
        null,
        null,
        1,
        1,
        null,
        null,
        null
      ],
      "/Users/Allie/Ada/rails_projects/shipping-app-client/app/forms/order_form.rb": [
        1,
        1,
        null,
        1,
        2,
        2,
        2,
        0,
        null,
        2,
        2,
        null,
        null,
        null,
        null,
        1,
        2,
        null,
        null,
        null
      ]
    },
    "timestamp": 1419024981
  }
}
